objc[87824]: Class AXEmojiUtilities is implemented in both /Applications/Xcode.app/Contents/Developer/Platforms/iPhoneSimulator.platform/Developer/SDKs/iPhoneSimulator7.1.sdk/System/Library/PrivateFrameworks/AccessibilityUtilities.framework/AccessibilityUtilities and /Applications/Xcode.app/Contents/Developer/Platforms/iPhoneSimulator.platform/Developer/SDKs/iPhoneSimulator7.1.sdk/usr/lib/libAXSpeechManager.dylib. One of the two will be used. Which one is undefined.
2014-07-18 18:30:06.844 HelloCordova[87824:70b] Cannot find executable for CFBundle 0xa4979a0 </Applications/Xcode.app/Contents/Developer/Platforms/iPhoneSimulator.platform/Developer/SDKs/iPhoneSimulator7.1.sdk/System/Library/AccessibilityBundles/CertUIFramework.axbundle> (not loaded)
2014-07-18 18:30:06.850 HelloCordova[87824:70b] Cannot find executable for CFBundle 0xa4b3c70 </Applications/Xcode.app/Contents/Developer/Platforms/iPhoneSimulator.platform/Developer/SDKs/iPhoneSimulator7.1.sdk/System/Library/AccessibilityBundles/GeoServices.axbundle> (not loaded)
2014-07-18 18:30:06.882 HelloCordova[87824:70b] Multi-tasking -> Device: YES, App: YES
2014-07-18 18:30:06.891 HelloCordova[87824:70b] Unlimited access to network resources
2014-07-18 18:30:06.914 HelloCordova[87824:70b] [CDVTimer][keyboard] 0.088990ms
2014-07-18 18:30:06.915 HelloCordova[87824:70b] CDVPlugin class CDVStatusBar (pluginName: statusbar) does not exist.
2014-07-18 18:30:06.915 HelloCordova[87824:70b] [CDVTimer][statusbar] 0.431955ms
2014-07-18 18:30:06.916 HelloCordova[87824:70b] [CDVTimer][TotalPluginStartup] 1.489997ms
2014-07-18 18:30:07.041 HelloCordova[87824:70b] Resetting plugins due to page load.
2014-07-18 18:30:07.200 HelloCordova[87824:70b] Finished load of: file:///Users/aponpalanuwech/Library/Application%20Support/iPhone%20Simulator/7.1/Applications/C8688D27-29C6-4711-8D45-8DAB35DFEAA8/HelloCordova.app/www/index.html#/tab/films
2014-07-18 18:31:11.450 HelloCordova[87824:70b] Resetting plugins due to page load.
2014-07-18 18:31:11.576 HelloCordova[87824:70b] Finished load of: file:///Users/aponpalanuwech/Library/Application%20Support/iPhone%20Simulator/7.1/Applications/C8688D27-29C6-4711-8D45-8DAB35DFEAA8/HelloCordova.app/www/index.html#/tab/films
objc[88054]: Class AXEmojiUtilities is implemented in both /Applications/Xcode.app/Contents/Developer/Platforms/iPhoneSimulator.platform/Developer/SDKs/iPhoneSimulator7.1.sdk/System/Library/PrivateFrameworks/AccessibilityUtilities.framework/AccessibilityUtilities and /Applications/Xcode.app/Contents/Developer/Platforms/iPhoneSimulator.platform/Developer/SDKs/iPhoneSimulator7.1.sdk/usr/lib/libAXSpeechManager.dylib. One of the two will be used. Which one is undefined.
2014-07-18 18:32:53.677 HelloCordova[88054:70b] Cannot find executable for CFBundle 0xa564a60 </Applications/Xcode.app/Contents/Developer/Platforms/iPhoneSimulator.platform/Developer/SDKs/iPhoneSimulator7.1.sdk/System/Library/AccessibilityBundles/GeoServices.axbundle> (not loaded)
2014-07-18 18:32:53.685 HelloCordova[88054:70b] Cannot find executable for CFBundle 0xa585a80 </Applications/Xcode.app/Contents/Developer/Platforms/iPhoneSimulator.platform/Developer/SDKs/iPhoneSimulator7.1.sdk/System/Library/AccessibilityBundles/CertUIFramework.axbundle> (not loaded)
2014-07-18 18:32:53.717 HelloCordova[88054:70b] Multi-tasking -> Device: YES, App: YES
2014-07-18 18:32:53.725 HelloCordova[88054:70b] Unlimited access to network resources
2014-07-18 18:32:53.748 HelloCordova[88054:70b] [CDVTimer][keyboard] 0.091016ms
2014-07-18 18:32:53.749 HelloCordova[88054:70b] CDVPlugin class CDVStatusBar (pluginName: statusbar) does not exist.
2014-07-18 18:32:53.749 HelloCordova[88054:70b] [CDVTimer][statusbar] 0.658989ms
2014-07-18 18:32:53.750 HelloCordova[88054:70b] [CDVTimer][TotalPluginStartup] 1.724005ms
2014-07-18 18:32:53.866 HelloCordova[88054:70b] Resetting plugins due to page load.
2014-07-18 18:32:53.972 HelloCordova[88054:70b] Finished load of: file:///Users/aponpalanuwech/Library/Application%20Support/iPhone%20Simulator/7.1/Applications/C8688D27-29C6-4711-8D45-8DAB35DFEAA8/HelloCordova.app/www/index.html#/tab/films
objc[88245]: Class AXEmojiUtilities is implemented in both /Applications/Xcode.app/Contents/Developer/Platforms/iPhoneSimulator.platform/Developer/SDKs/iPhoneSimulator7.1.sdk/System/Library/PrivateFrameworks/AccessibilityUtilities.framework/AccessibilityUtilities and /Applications/Xcode.app/Contents/Developer/Platforms/iPhoneSimulator.platform/Developer/SDKs/iPhoneSimulator7.1.sdk/usr/lib/libAXSpeechManager.dylib. One of the two will be used. Which one is undefined.
2014-07-18 18:33:49.991 HelloCordova[88245:70b] Cannot find executable for CFBundle 0xa3288b0 </Applications/Xcode.app/Contents/Developer/Platforms/iPhoneSimulator.platform/Developer/SDKs/iPhoneSimulator7.1.sdk/System/Library/AccessibilityBundles/CertUIFramework.axbundle> (not loaded)
2014-07-18 18:33:49.997 HelloCordova[88245:70b] Cannot find executable for CFBundle 0xa460e80 </Applications/Xcode.app/Contents/Developer/Platforms/iPhoneSimulator.platform/Developer/SDKs/iPhoneSimulator7.1.sdk/System/Library/AccessibilityBundles/GeoServices.axbundle> (not loaded)
2014-07-18 18:33:50.021 HelloCordova[88245:70b] Multi-tasking -> Device: YES, App: YES
2014-07-18 18:33:50.030 HelloCordova[88245:70b] Unlimited access to network resources
2014-07-18 18:33:50.052 HelloCordova[88245:70b] [CDVTimer][keyboard] 0.067949ms
2014-07-18 18:33:50.052 HelloCordova[88245:70b] CDVPlugin class CDVStatusBar (pluginName: statusbar) does not exist.
2014-07-18 18:33:50.052 HelloCordova[88245:70b] [CDVTimer][statusbar] 0.359952ms
2014-07-18 18:33:50.053 HelloCordova[88245:70b] [CDVTimer][TotalPluginStartup] 1.163006ms
2014-07-18 18:33:50.154 HelloCordova[88245:70b] Resetting plugins due to page load.
2014-07-18 18:33:51.317 HelloCordova[88245:70b] Finished load of: file:///Users/aponpalanuwech/Library/Application%20Support/iPhone%20Simulator/7.1/Applications/C8688D27-29C6-4711-8D45-8DAB35DFEAA8/HelloCordova.app/www/index.html#/tab/films
objc[88463]: Class AXEmojiUtilities is implemented in both /Applications/Xcode.app/Contents/Developer/Platforms/iPhoneSimulator.platform/Developer/SDKs/iPhoneSimulator7.1.sdk/System/Library/PrivateFrameworks/AccessibilityUtilities.framework/AccessibilityUtilities and /Applications/Xcode.app/Contents/Developer/Platforms/iPhoneSimulator.platform/Developer/SDKs/iPhoneSimulator7.1.sdk/usr/lib/libAXSpeechManager.dylib. One of the two will be used. Which one is undefined.
2014-07-18 18:35:34.278 HelloCordova[88463:70b] Cannot find executable for CFBundle 0xa370a80 </Applications/Xcode.app/Contents/Developer/Platforms/iPhoneSimulator.platform/Developer/SDKs/iPhoneSimulator7.1.sdk/System/Library/AccessibilityBundles/GeoServices.axbundle> (not loaded)
2014-07-18 18:35:34.294 HelloCordova[88463:70b] Cannot find executable for CFBundle 0xa582fd0 </Applications/Xcode.app/Contents/Developer/Platforms/iPhoneSimulator.platform/Developer/SDKs/iPhoneSimulator7.1.sdk/System/Library/AccessibilityBundles/CertUIFramework.axbundle> (not loaded)
2014-07-18 18:35:34.335 HelloCordova[88463:70b] Multi-tasking -> Device: YES, App: YES
2014-07-18 18:35:34.343 HelloCordova[88463:70b] Unlimited access to network resources
2014-07-18 18:35:34.366 HelloCordova[88463:70b] [CDVTimer][keyboard] 0.095963ms
2014-07-18 18:35:34.367 HelloCordova[88463:70b] CDVPlugin class CDVStatusBar (pluginName: statusbar) does not exist.
2014-07-18 18:35:34.367 HelloCordova[88463:70b] [CDVTimer][statusbar] 0.431001ms
2014-07-18 18:35:34.368 HelloCordova[88463:70b] [CDVTimer][TotalPluginStartup] 1.520991ms
2014-07-18 18:35:34.531 HelloCordova[88463:70b] Resetting plugins due to page load.
2014-07-18 18:35:35.874 HelloCordova[88463:70b] Finished load of: file:///Users/aponpalanuwech/Library/Application%20Support/iPhone%20Simulator/7.1/Applications/C8688D27-29C6-4711-8D45-8DAB35DFEAA8/HelloCordova.app/www/index.html#/tab/films
objc[89687]: Class AXEmojiUtilities is implemented in both /Applications/Xcode.app/Contents/Developer/Platforms/iPhoneSimulator.platform/Developer/SDKs/iPhoneSimulator7.1.sdk/System/Library/PrivateFrameworks/AccessibilityUtilities.framework/AccessibilityUtilities and /Applications/Xcode.app/Contents/Developer/Platforms/iPhoneSimulator.platform/Developer/SDKs/iPhoneSimulator7.1.sdk/usr/lib/libAXSpeechManager.dylib. One of the two will be used. Which one is undefined.
2014-07-18 23:46:48.586 HelloCordova[89687:70b] Cannot find executable for CFBundle 0xa347b20 </Applications/Xcode.app/Contents/Developer/Platforms/iPhoneSimulator.platform/Developer/SDKs/iPhoneSimulator7.1.sdk/System/Library/AccessibilityBundles/CertUIFramework.axbundle> (not loaded)
2014-07-18 23:46:48.592 HelloCordova[89687:70b] Cannot find executable for CFBundle 0xa363090 </Applications/Xcode.app/Contents/Developer/Platforms/iPhoneSimulator.platform/Developer/SDKs/iPhoneSimulator7.1.sdk/System/Library/AccessibilityBundles/GeoServices.axbundle> (not loaded)
2014-07-18 23:46:48.631 HelloCordova[89687:70b] Multi-tasking -> Device: YES, App: YES
2014-07-18 23:46:48.677 HelloCordova[89687:70b] Unlimited access to network resources
2014-07-18 23:46:48.802 HelloCordova[89687:70b] [CDVTimer][keyboard] 0.096977ms
2014-07-18 23:46:48.803 HelloCordova[89687:70b] CDVPlugin class CDVStatusBar (pluginName: statusbar) does not exist.
2014-07-18 23:46:48.803 HelloCordova[89687:70b] [CDVTimer][statusbar] 0.416994ms
2014-07-18 23:46:48.804 HelloCordova[89687:70b] [CDVTimer][TotalPluginStartup] 1.536012ms
2014-07-18 23:46:48.987 HelloCordova[89687:70b] Resetting plugins due to page load.
2014-07-18 23:46:58.242 HelloCordova[89687:70b] Failed to load webpage with error: The operation couldn’t be completed. (NSURLErrorDomain error -999.)
2014-07-18 23:47:24.608 HelloCordova[89687:70b] Resetting plugins due to page load.
objc[89868]: Class AXEmojiUtilities is implemented in both /Applications/Xcode.app/Contents/Developer/Platforms/iPhoneSimulator.platform/Developer/SDKs/iPhoneSimulator7.1.sdk/System/Library/PrivateFrameworks/AccessibilityUtilities.framework/AccessibilityUtilities and /Applications/Xcode.app/Contents/Developer/Platforms/iPhoneSimulator.platform/Developer/SDKs/iPhoneSimulator7.1.sdk/usr/lib/libAXSpeechManager.dylib. One of the two will be used. Which one is undefined.
2014-07-18 23:53:02.949 HelloCordova[89868:70b] Cannot find executable for CFBundle 0xa442b00 </Applications/Xcode.app/Contents/Developer/Platforms/iPhoneSimulator.platform/Developer/SDKs/iPhoneSimulator7.1.sdk/System/Library/AccessibilityBundles/CertUIFramework.axbundle> (not loaded)
2014-07-18 23:53:02.954 HelloCordova[89868:70b] Cannot find executable for CFBundle 0xa466eb0 </Applications/Xcode.app/Contents/Developer/Platforms/iPhoneSimulator.platform/Developer/SDKs/iPhoneSimulator7.1.sdk/System/Library/AccessibilityBundles/GeoServices.axbundle> (not loaded)
2014-07-18 23:53:02.986 HelloCordova[89868:70b] Multi-tasking -> Device: YES, App: YES
2014-07-18 23:53:02.991 HelloCordova[89868:70b] Unlimited access to network resources
2014-07-18 23:53:03.007 HelloCordova[89868:70b] [CDVTimer][keyboard] 0.062048ms
2014-07-18 23:53:03.008 HelloCordova[89868:70b] CDVPlugin class CDVStatusBar (pluginName: statusbar) does not exist.
2014-07-18 23:53:03.008 HelloCordova[89868:70b] [CDVTimer][statusbar] 0.588000ms
2014-07-18 23:53:03.009 HelloCordova[89868:70b] [CDVTimer][TotalPluginStartup] 1.600027ms
2014-07-18 23:53:03.119 HelloCordova[89868:70b] Resetting plugins due to page load.
2014-07-18 23:53:11.452 HelloCordova[89868:70b] Finished load of: file:///Users/aponpalanuwech/Library/Application%20Support/iPhone%20Simulator/7.1/Applications/C8688D27-29C6-4711-8D45-8DAB35DFEAA8/HelloCordova.app/www/index.html#/tab/films
objc[90062]: Class AXEmojiUtilities is implemented in both /Applications/Xcode.app/Contents/Developer/Platforms/iPhoneSimulator.platform/Developer/SDKs/iPhoneSimulator7.1.sdk/System/Library/PrivateFrameworks/AccessibilityUtilities.framework/AccessibilityUtilities and /Applications/Xcode.app/Contents/Developer/Platforms/iPhoneSimulator.platform/Developer/SDKs/iPhoneSimulator7.1.sdk/usr/lib/libAXSpeechManager.dylib. One of the two will be used. Which one is undefined.
2014-07-18 23:54:01.314 HelloCordova[90062:70b] Cannot find executable for CFBundle 0xa47c040 </Applications/Xcode.app/Contents/Developer/Platforms/iPhoneSimulator.platform/Developer/SDKs/iPhoneSimulator7.1.sdk/System/Library/AccessibilityBundles/GeoServices.axbundle> (not loaded)
2014-07-18 23:54:01.353 HelloCordova[90062:70b] Cannot find executable for CFBundle 0xa56bcd0 </Applications/Xcode.app/Contents/Developer/Platforms/iPhoneSimulator.platform/Developer/SDKs/iPhoneSimulator7.1.sdk/System/Library/AccessibilityBundles/CertUIFramework.axbundle> (not loaded)
2014-07-18 23:54:01.389 HelloCordova[90062:70b] Multi-tasking -> Device: YES, App: YES
2014-07-18 23:54:01.397 HelloCordova[90062:70b] Unlimited access to network resources
2014-07-18 23:54:01.420 HelloCordova[90062:70b] [CDVTimer][keyboard] 0.095963ms
2014-07-18 23:54:01.420 HelloCordova[90062:70b] CDVPlugin class CDVStatusBar (pluginName: statusbar) does not exist.
2014-07-18 23:54:01.421 HelloCordova[90062:70b] [CDVTimer][statusbar] 0.464976ms
2014-07-18 23:54:01.421 HelloCordova[90062:70b] [CDVTimer][TotalPluginStartup] 1.698017ms
2014-07-18 23:54:01.583 HelloCordova[90062:70b] Resetting plugins due to page load.
2014-07-18 23:54:10.224 HelloCordova[90062:70b] Finished load of: file:///Users/aponpalanuwech/Library/Application%20Support/iPhone%20Simulator/7.1/Applications/C8688D27-29C6-4711-8D45-8DAB35DFEAA8/HelloCordova.app/www/index.html#/tab/films
Terminating in response to SpringBoard's termination.
objc[90295]: Class AXEmojiUtilities is implemented in both /Applications/Xcode.app/Contents/Developer/Platforms/iPhoneSimulator.platform/Developer/SDKs/iPhoneSimulator7.1.sdk/System/Library/PrivateFrameworks/AccessibilityUtilities.framework/AccessibilityUtilities and /Applications/Xcode.app/Contents/Developer/Platforms/iPhoneSimulator.platform/Developer/SDKs/iPhoneSimulator7.1.sdk/usr/lib/libAXSpeechManager.dylib. One of the two will be used. Which one is undefined.
2014-07-18 23:55:45.980 HelloCordova[90295:70b] Cannot find executable for CFBundle 0xa4a5a30 </Applications/Xcode.app/Contents/Developer/Platforms/iPhoneSimulator.platform/Developer/SDKs/iPhoneSimulator7.1.sdk/System/Library/AccessibilityBundles/CertUIFramework.axbundle> (not loaded)
2014-07-18 23:55:45.995 HelloCordova[90295:70b] Cannot find executable for CFBundle 0xa5d6a90 </Applications/Xcode.app/Contents/Developer/Platforms/iPhoneSimulator.platform/Developer/SDKs/iPhoneSimulator7.1.sdk/System/Library/AccessibilityBundles/GeoServices.axbundle> (not loaded)
2014-07-18 23:55:46.026 HelloCordova[90295:70b] Multi-tasking -> Device: YES, App: YES
2014-07-18 23:55:46.034 HelloCordova[90295:70b] Unlimited access to network resources
2014-07-18 23:55:46.055 HelloCordova[90295:70b] [CDVTimer][keyboard] 0.100017ms
2014-07-18 23:55:46.064 HelloCordova[90295:70b] [CDVTimer][statusbar] 8.320987ms
2014-07-18 23:55:46.065 HelloCordova[90295:70b] [CDVTimer][TotalPluginStartup] 9.443998ms
2014-07-18 23:55:46.298 HelloCordova[90295:70b] Resetting plugins due to page load.
2014-07-18 23:55:55.869 HelloCordova[90295:70b] Finished load of: file:///Users/aponpalanuwech/Library/Application%20Support/iPhone%20Simulator/7.1/Applications/C8688D27-29C6-4711-8D45-8DAB35DFEAA8/HelloCordova.app/www/index.html#/tab/films
objc[90505]: Class AXEmojiUtilities is implemented in both /Applications/Xcode.app/Contents/Developer/Platforms/iPhoneSimulator.platform/Developer/SDKs/iPhoneSimulator7.1.sdk/System/Library/PrivateFrameworks/AccessibilityUtilities.framework/AccessibilityUtilities and /Applications/Xcode.app/Contents/Developer/Platforms/iPhoneSimulator.platform/Developer/SDKs/iPhoneSimulator7.1.sdk/usr/lib/libAXSpeechManager.dylib. One of the two will be used. Which one is undefined.
2014-07-18 23:57:56.638 HelloCordova[90505:70b] Cannot find executable for CFBundle 0xa5669d0 </Applications/Xcode.app/Contents/Developer/Platforms/iPhoneSimulator.platform/Developer/SDKs/iPhoneSimulator7.1.sdk/System/Library/AccessibilityBundles/GeoServices.axbundle> (not loaded)
2014-07-18 23:57:56.645 HelloCordova[90505:70b] Cannot find executable for CFBundle 0xa48bd90 </Applications/Xcode.app/Contents/Developer/Platforms/iPhoneSimulator.platform/Developer/SDKs/iPhoneSimulator7.1.sdk/System/Library/AccessibilityBundles/CertUIFramework.axbundle> (not loaded)
2014-07-18 23:57:56.675 HelloCordova[90505:70b] Multi-tasking -> Device: YES, App: YES
2014-07-18 23:57:56.683 HelloCordova[90505:70b] Unlimited access to network resources
2014-07-18 23:57:56.713 HelloCordova[90505:70b] [CDVTimer][keyboard] 0.182033ms
2014-07-18 23:57:56.733 HelloCordova[90505:70b] [CDVTimer][statusbar] 19.345999ms
2014-07-18 23:57:56.733 HelloCordova[90505:70b] [CDVTimer][TotalPluginStartup] 20.825982ms
2014-07-18 23:57:56.860 HelloCordova[90505:70b] Resetting plugins due to page load.
2014-07-18 23:58:07.672 HelloCordova[90505:70b] Finished load of: file:///Users/aponpalanuwech/Library/Application%20Support/iPhone%20Simulator/7.1/Applications/C8688D27-29C6-4711-8D45-8DAB35DFEAA8/HelloCordova.app/www/index.html#/tab/films
Terminating in response to SpringBoard's termination.
